TN:
SF:src/app.js
FN:41,createApp
FN:78,(anonymous_1)
FN:102,(anonymous_2)
FN:119,(anonymous_3)
FN:133,(anonymous_4)
FN:148,(anonymous_5)
FNF:6
FNH:4
FNDA:6,createApp
FNDA:118,(anonymous_1)
FNDA:0,(anonymous_2)
FNDA:1,(anonymous_3)
FNDA:1,(anonymous_4)
FNDA:0,(anonymous_5)
DA:42,6
DA:44,6
DA:51,6
DA:56,6
DA:68,6
DA:78,118
DA:79,6
DA:80,6
DA:82,6
DA:83,6
DA:90,6
DA:95,6
DA:97,6
DA:98,6
DA:99,6
DA:102,6
DA:103,0
DA:119,6
DA:120,1
DA:133,6
DA:134,1
DA:135,1
DA:136,1
DA:138,0
DA:139,0
DA:148,6
DA:149,0
DA:158,6
DA:161,6
DA:162,6
DA:163,6
DA:164,6
DA:165,6
DA:166,6
DA:167,6
DA:168,6
DA:169,6
DA:170,6
DA:173,6
DA:174,6
DA:176,6
LF:41
LH:37
BRDA:41,0,0,6
BRDA:42,1,0,6
BRDA:79,2,0,0
BRDA:79,2,1,6
BRDA:80,3,0,0
BRDA:80,3,1,6
BRDA:84,4,0,6
BRDA:84,4,1,0
BRDA:123,5,0,1
BRDA:123,5,1,0
BRF:10
BRH:6
end_of_record
TN:
SF:src/lib/fulfillment.js
FN:13,fulfillOrder
FN:14,(anonymous_1)
FN:47,abandonOrder
FNF:3
FNH:3
FNDA:20,fulfillOrder
FNDA:19,(anonymous_1)
FNDA:7,abandonOrder
DA:14,20
DA:15,19
DA:24,19
DA:25,8
DA:28,11
DA:33,11
DA:37,11
DA:39,11
DA:48,7
DA:53,7
DA:54,1
DA:57,6
DA:58,6
LF:13
LH:13
BRDA:13,0,0,20
BRDA:20,1,0,14
BRDA:20,1,1,5
BRDA:24,2,0,8
BRDA:24,2,1,11
BRDA:47,3,0,7
BRDA:53,4,0,1
BRDA:53,4,1,6
BRF:8
BRH:8
end_of_record
TN:
SF:src/lib/keys.js
FN:8,constructor
FN:22,constructor_2
FN:31,constructor_3
FN:42,releaseExpiredReservations
FN:51,availableKeyCount
FN:98,reserveKeys
FN:113,(anonymous_6)
FN:130,fulfillKeys
FN:136,(anonymous_8)
FN:139,(anonymous_9)
FN:149,releaseOrderKeys
FN:156,(anonymous_11)
FN:167,withKeyRetry
FN:175,(anonymous_13)
FNF:14
FNH:10
FNDA:57,constructor
FNDA:0,constructor_2
FNDA:0,constructor_3
FNDA:27,releaseExpiredReservations
FNDA:0,availableKeyCount
FNDA:122,reserveKeys
FNDA:73,(anonymous_6)
FNDA:11,fulfillKeys
FNDA:11,(anonymous_8)
FNDA:11,(anonymous_9)
FNDA:6,releaseOrderKeys
FNDA:6,(anonymous_11)
FNDA:30,withKeyRetry
FNDA:0,(anonymous_13)
DA:9,57
DA:10,57
DA:11,57
DA:12,57
DA:13,57
DA:23,0
DA:24,0
DA:25,0
DA:32,0
DA:33,0
DA:34,0
DA:43,27
DA:47,27
DA:52,0
DA:99,122
DA:109,122
DA:110,57
DA:113,73
DA:115,65
DA:120,65
DA:122,65
DA:131,11
DA:136,11
DA:138,11
DA:139,11
DA:143,11
DA:145,11
DA:150,6
DA:155,6
DA:156,6
DA:160,6
DA:169,30
DA:170,30
DA:171,30
DA:173,0
DA:174,0
DA:175,0
DA:178,0
LF:38
LH:27
BRDA:42,0,0,27
BRDA:51,1,0,0
BRDA:109,2,0,57
BRDA:109,2,1,65
BRDA:120,3,0,0
BRDA:120,3,1,65
BRDA:143,4,0,0
BRDA:143,4,1,11
BRDA:149,5,0,6
BRDA:167,6,0,30
BRDA:173,7,0,0
BRDA:173,7,1,0
BRF:12
BRH:7
end_of_record
TN:
SF:src/lib/logger.js
FNF:0
FNH:0
DA:3,8
DA:4,8
DA:20,8
DA:27,8
LF:4
LH:4
BRDA:20,0,0,0
BRDA:20,0,1,8
BRDA:20,1,0,8
BRDA:20,1,1,8
BRDA:29,2,0,8
BRDA:29,2,1,0
BRDA:29,3,0,0
BRDA:29,3,1,0
BRDA:29,4,0,0
BRDA:29,4,1,0
BRF:10
BRH:4
end_of_record
TN:
SF:src/lib/prisma.js
FN:17,(anonymous_0)
FN:20,(anonymous_1)
FN:38,(anonymous_2)
FNF:3
FNH:0
FNDA:0,(anonymous_0)
FNDA:0,(anonymous_1)
FNDA:0,(anonymous_2)
DA:5,10
DA:15,10
DA:16,0
DA:22,0
DA:24,0
DA:25,0
DA:26,0
DA:27,0
DA:28,0
DA:29,0
DA:30,0
DA:31,0
DA:32,0
DA:38,10
DA:39,0
LF:15
LH:3
BRDA:6,0,0,0
BRDA:6,0,1,10
BRDA:15,1,0,0
BRDA:15,1,1,10
BRDA:22,2,0,0
BRDA:22,2,1,0
BRDA:24,3,0,0
BRDA:24,3,1,0
BRDA:26,4,0,0
BRDA:26,4,1,0
BRF:10
BRH:2
end_of_record
TN:
SF:src/lib/refunds.js
FN:7,constructor
FN:17,constructor_2
FN:44,markOrderRefunded
FN:45,(anonymous_3)
FN:61,(anonymous_4)
FN:94,refundOrder
FNF:6
FNH:6
FNDA:2,constructor
FNDA:1,constructor_2
FNDA:9,markOrderRefunded
FNDA:9,(anonymous_3)
FNDA:8,(anonymous_4)
FNDA:9,refundOrder
DA:8,2
DA:9,2
DA:10,2
DA:11,2
DA:18,1
DA:19,1
DA:20,1
DA:21,1
DA:26,7
DA:45,9
DA:46,9
DA:51,9
DA:52,1
DA:55,8
DA:60,8
DA:61,8
DA:65,8
DA:66,8
DA:95,9
DA:100,9
DA:101,1
DA:104,8
DA:105,1
DA:108,7
DA:109,1
DA:119,6
DA:120,1
DA:124,1
DA:128,5
DA:129,5
DA:134,1
DA:135,1
DA:138,4
LF:33
LH:33
BRDA:44,0,0,9
BRDA:51,1,0,1
BRDA:51,1,1,8
BRDA:100,2,0,1
BRDA:100,2,1,8
BRDA:104,3,0,1
BRDA:104,3,1,7
BRDA:108,4,0,1
BRDA:108,4,1,6
BRDA:119,5,0,1
BRDA:119,5,1,5
BRDA:119,6,0,6
BRDA:119,6,1,5
BRF:13
BRH:13
end_of_record
TN:
SF:src/lib/reservationSweeper.js
FN:31,startReservationSweeper
FN:34,(anonymous_1)
FN:59,(anonymous_2)
FNF:3
FNH:3
FNDA:5,startReservationSweeper
FNDA:34,(anonymous_1)
FNDA:5,(anonymous_2)
DA:4,1
DA:32,5
DA:34,5
DA:37,34
DA:38,19
DA:39,19
DA:40,19
DA:41,18
DA:42,1
DA:47,1
DA:49,19
DA:53,5
DA:57,5
DA:59,5
LF:14
LH:14
BRDA:31,0,0,5
BRDA:31,1,0,5
BRDA:37,2,0,15
BRDA:37,2,1,19
BRDA:41,3,0,1
BRDA:41,3,1,17
BRF:6
BRH:6
end_of_record
TN:
SF:src/lib/stripe.js
FNF:0
FNH:0
DA:3,3
DA:9,3
DA:11,3
DA:12,3
DA:15,3
LF:5
LH:5
BRDA:11,0,0,3
BRDA:11,0,1,0
BRDA:15,1,0,0
BRDA:15,1,1,3
BRF:4
BRH:2
end_of_record
TN:
SF:src/middleware/auth.js
FN:4,(anonymous_0)
FN:42,(anonymous_1)
FNF:2
FNH:2
FNDA:82,(anonymous_0)
FNDA:25,(anonymous_1)
DA:4,6
DA:5,82
DA:6,82
DA:7,82
DA:9,82
DA:10,22
DA:13,60
DA:14,0
DA:17,60
DA:20,60
DA:25,57
DA:26,1
DA:29,56
DA:30,56
DA:32,3
DA:33,2
DA:35,1
DA:36,1
DA:38,0
DA:42,6
DA:43,25
DA:44,19
DA:46,6
LF:23
LH:21
BRDA:7,0,0,82
BRDA:7,0,1,63
BRDA:9,1,0,22
BRDA:9,1,1,60
BRDA:13,2,0,0
BRDA:13,2,1,60
BRDA:25,3,0,1
BRDA:25,3,1,56
BRDA:32,4,0,2
BRDA:32,4,1,1
BRDA:35,5,0,1
BRDA:35,5,1,0
BRDA:43,6,0,19
BRDA:43,6,1,6
BRF:14
BRH:12
end_of_record
TN:
SF:src/middleware/errorHandler.js
FN:2,(anonymous_0)
FN:116,(anonymous_1)
FN:116,(anonymous_2)
FN:122,constructor
FN:133,(anonymous_4)
FNF:5
FNH:0
FNDA:0,(anonymous_0)
FNDA:0,(anonymous_1)
FNDA:0,(anonymous_2)
FNDA:0,constructor
FNDA:0,(anonymous_4)
DA:2,6
DA:4,0
DA:18,0
DA:19,0
DA:21,0
DA:27,0
DA:32,0
DA:37,0
DA:45,0
DA:46,0
DA:52,0
DA:53,0
DA:60,0
DA:61,0
DA:69,0
DA:70,0
DA:76,0
DA:77,0
DA:84,0
DA:85,0
DA:92,0
DA:93,0
DA:100,0
DA:101,0
DA:103,0
DA:116,6
DA:117,0
DA:123,0
DA:124,0
DA:125,0
DA:126,0
DA:128,0
DA:133,6
DA:134,0
LF:34
LH:3
BRDA:12,0,0,0
BRDA:12,0,1,0
BRDA:18,1,0,0
BRDA:18,1,1,0
BRDA:19,2,0,0
BRDA:19,2,1,0
BRDA:19,2,2,0
BRDA:19,2,3,0
BRDA:24,3,0,0
BRDA:24,3,1,0
BRDA:45,4,0,0
BRDA:45,4,1,0
BRDA:52,5,0,0
BRDA:52,5,1,0
BRDA:60,6,0,0
BRDA:60,6,1,0
BRDA:69,7,0,0
BRDA:69,7,1,0
BRDA:76,8,0,0
BRDA:76,8,1,0
BRDA:84,9,0,0
BRDA:84,9,1,0
BRDA:92,10,0,0
BRDA:92,10,1,0
BRDA:92,11,0,0
BRDA:92,11,1,0
BRDA:100,12,0,0
BRDA:100,12,1,0
BRDA:100,12,2,0
BRDA:101,13,0,0
BRDA:101,13,1,0
BRDA:105,14,0,0
BRDA:105,14,1,0
BRDA:108,15,0,0
BRDA:108,15,1,0
BRDA:122,16,0,0
BRDA:125,17,0,0
BRDA:125,17,1,0
BRF:38
BRH:0
end_of_record
TN:
SF:src/middleware/requestLogger.js
FN:21,(anonymous_0)
FN:31,(anonymous_1)
FN:36,(anonymous_2)
FN:42,(anonymous_3)
FN:43,(anonymous_4)
FN:48,(anonymous_5)
FN:49,(anonymous_6)
FNF:7
FNH:6
FNDA:117,(anonymous_0)
FNDA:117,(anonymous_1)
FNDA:116,(anonymous_2)
FNDA:114,(anonymous_3)
FNDA:2,(anonymous_4)
FNDA:117,(anonymous_5)
FNDA:0,(anonymous_6)
DA:18,6
DA:22,117
DA:23,117
DA:24,117
DA:25,117
DA:31,117
DA:37,116
DA:38,114
DA:39,59
DA:42,114
DA:43,2
DA:48,117
DA:49,0
LF:13
LH:12
BRDA:23,0,0,0
BRDA:23,0,1,117
BRDA:23,1,0,117
BRDA:23,1,1,0
BRDA:31,2,0,117
BRDA:31,2,1,116
BRDA:37,3,0,2
BRDA:37,3,1,114
BRDA:37,4,0,116
BRDA:37,4,1,116
BRDA:38,5,0,55
BRDA:38,5,1,59
BRF:12
BRH:10
end_of_record
TN:
SF:src/routes/analytics.js
FN:13,(anonymous_0)
FN:22,(anonymous_1)
FN:70,(anonymous_2)
FN:182,(anonymous_3)
FN:186,(anonymous_4)
FN:201,(anonymous_5)
FN:227,(anonymous_6)
FN:241,(anonymous_7)
FN:268,(anonymous_8)
FN:295,(anonymous_9)
FN:299,(anonymous_10)
FN:314,(anonymous_11)
FN:331,(anonymous_12)
FN:339,(anonymous_13)
FN:357,(anonymous_14)
FN:377,(anonymous_15)
FN:394,(anonymous_16)
FN:405,(anonymous_17)
FN:447,(anonymous_18)
FN:452,(anonymous_19)
FN:453,(anonymous_20)
FN:456,(anonymous_21)
FN:469,(anonymous_22)
FN:473,(anonymous_23)
FNF:24
FNH:0
FNDA:0,(anonymous_0)
FNDA:0,(anonymous_1)
FNDA:0,(anonymous_2)
FNDA:0,(anonymous_3)
FNDA:0,(anonymous_4)
FNDA:0,(anonymous_5)
FNDA:0,(anonymous_6)
FNDA:0,(anonymous_7)
FNDA:0,(anonymous_8)
FNDA:0,(anonymous_9)
FNDA:0,(anonymous_10)
FNDA:0,(anonymous_11)
FNDA:0,(anonymous_12)
FNDA:0,(anonymous_13)
FNDA:0,(anonymous_14)
FNDA:0,(anonymous_15)
FNDA:0,(anonymous_16)
FNDA:0,(anonymous_17)
FNDA:0,(anonymous_18)
FNDA:0,(anonymous_19)
FNDA:0,(anonymous_20)
FNDA:0,(anonymous_21)
FNDA:0,(anonymous_22)
FNDA:0,(anonymous_23)
DA:6,6
DA:9,6
DA:10,6
DA:13,6
DA:14,0
DA:22,6
DA:23,0
DA:25,0
DA:26,0
DA:29,0
DA:32,0
DA:37,0
DA:43,0
DA:44,0
DA:46,0
DA:57,0
DA:69,0
DA:71,0
DA:83,0
DA:92,0
DA:106,0
DA:120,0
DA:121,0
DA:122,0
DA:123,0
DA:125,0
DA:129,0
DA:138,0
DA:143,0
DA:154,0
DA:164,0
DA:174,0
DA:183,0
DA:184,0
DA:186,0
DA:196,0
DA:201,6
DA:202,0
DA:203,0
DA:204,0
DA:205,0
DA:206,0
DA:209,0
DA:210,0
DA:211,0
DA:212,0
DA:213,0
DA:216,0
DA:227,0
DA:228,0
DA:229,0
DA:231,0
DA:232,0
DA:233,0
DA:241,0
DA:242,0
DA:245,0
DA:252,0
DA:253,0
DA:254,0
DA:263,0
DA:267,0
DA:268,0
DA:275,0
DA:278,0
DA:279,0
DA:280,0
DA:281,0
DA:285,0
DA:286,0
DA:287,0
DA:288,0
DA:289,0
DA:290,0
DA:293,0
DA:295,0
DA:299,0
DA:309,0
DA:314,6
DA:315,0
DA:317,0
DA:330,0
DA:331,0
DA:332,0
DA:333,0
DA:337,0
DA:338,0
DA:339,0
DA:340,0
DA:341,0
DA:349,0
DA:356,0
DA:358,0
DA:367,0
DA:376,0
DA:377,0
DA:380,0
DA:389,0
DA:394,6
DA:395,0
DA:397,0
DA:404,0
DA:406,0
DA:419,0
DA:433,0
DA:446,0
DA:447,0
DA:452,0
DA:453,0
DA:456,0
DA:457,0
DA:458,0
DA:460,0
DA:461,0
DA:462,0
DA:463,0
DA:466,0
DA:469,0
DA:473,0
DA:483,0
LF:120
LH:8
BRDA:85,0,0,0
BRDA:85,0,1,0
BRDA:154,1,0,0
BRDA:154,1,1,0
BRDA:159,2,0,0
BRDA:159,2,1,0
BRDA:164,3,0,0
BRDA:164,3,1,0
BRDA:164,4,0,0
BRDA:164,4,1,0
BRDA:170,5,0,0
BRDA:170,5,1,0
BRDA:170,6,0,0
BRDA:170,6,1,0
BRDA:177,7,0,0
BRDA:177,7,1,0
BRDA:188,8,0,0
BRDA:188,8,1,0
BRDA:204,9,0,0
BRDA:204,9,1,0
BRDA:205,10,0,0
BRDA:205,10,1,0
BRDA:206,11,0,0
BRDA:206,11,1,0
BRDA:210,12,0,0
BRDA:210,12,1,0
BRDA:212,13,0,0
BRDA:212,13,1,0
BRDA:229,14,0,0
BRDA:229,14,1,0
BRDA:232,15,0,0
BRDA:232,15,1,0
BRDA:267,16,0,0
BRDA:267,16,1,0
BRDA:288,17,0,0
BRDA:288,17,1,0
BRDA:333,18,0,0
BRDA:333,18,1,0
BRDA:370,19,0,0
BRDA:370,19,1,0
BRDA:422,20,0,0
BRDA:422,20,1,0
BRDA:423,21,0,0
BRDA:423,21,1,0
BRDA:450,22,0,0
BRDA:450,22,1,0
BRDA:457,23,0,0
BRDA:457,23,1,0
BRF:48
BRH:0
end_of_record
TN:
SF:src/routes/auth.js
FN:16,(anonymous_0)
FN:73,(anonymous_1)
FN:83,(anonymous_2)
FN:128,(anonymous_3)
FN:135,(anonymous_4)
FN:159,(anonymous_5)
FNF:6
FNH:3
FNDA:7,(anonymous_0)
FNDA:0,(anonymous_1)
FNDA:2,(anonymous_2)
FNDA:0,(anonymous_3)
FNDA:2,(anonymous_4)
FNDA:0,(anonymous_5)
DA:8,6
DA:11,6
DA:17,7
DA:18,7
DA:19,7
DA:20,1
DA:23,6
DA:26,6
DA:30,6
DA:31,0
DA:35,6
DA:38,6
DA:56,6
DA:62,6
DA:68,0
DA:73,6
DA:74,0
DA:80,6
DA:84,2
DA:85,2
DA:86,2
DA:87,0
DA:90,2
DA:93,2
DA:97,2
DA:98,1
DA:102,1
DA:103,1
DA:104,1
DA:108,0
DA:115,0
DA:117,0
DA:123,0
DA:128,6
DA:129,0
DA:135,6
DA:136,2
DA:137,2
DA:149,2
DA:151,0
DA:156,6
DA:160,0
DA:161,0
DA:162,0
DA:163,0
DA:166,0
DA:168,0
DA:181,0
DA:186,0
LF:49
LH:31
BRDA:19,0,0,1
BRDA:19,0,1,6
BRDA:30,1,0,0
BRDA:30,1,1,6
BRDA:86,2,0,0
BRDA:86,2,1,2
BRDA:97,3,0,1
BRDA:97,3,1,1
BRDA:103,4,0,1
BRDA:103,4,1,0
BRDA:162,5,0,0
BRDA:162,5,1,0
BRF:12
BRH:7
end_of_record
TN:
SF:src/routes/cart.js
FN:26,(anonymous_0)
FN:32,(anonymous_1)
FN:35,(anonymous_2)
FN:49,(anonymous_3)
FN:51,(anonymous_4)
FN:66,(anonymous_5)
FN:76,(anonymous_6)
FN:161,(anonymous_7)
FN:210,(anonymous_8)
FN:237,(anonymous_9)
FNF:10
FNH:4
FNDA:3,(anonymous_0)
FNDA:3,(anonymous_1)
FNDA:1,(anonymous_2)
FNDA:0,(anonymous_3)
FNDA:0,(anonymous_4)
FNDA:0,(anonymous_5)
FNDA:4,(anonymous_6)
FNDA:0,(anonymous_7)
FNDA:0,(anonymous_8)
FNDA:0,(anonymous_9)
DA:5,6
DA:10,6
DA:12,6
DA:26,6
DA:27,3
DA:28,3
DA:29,3
DA:32,6
DA:35,6
DA:36,1
DA:37,1
DA:48,1
DA:49,0
DA:51,1
DA:52,0
DA:55,1
DA:61,0
DA:66,6
DA:67,0
DA:73,6
DA:77,4
DA:78,4
DA:79,4
DA:80,0
DA:83,4
DA:86,4
DA:91,4
DA:92,0
DA:96,4
DA:97,4
DA:98,1
DA:102,3
DA:111,3
DA:113,0
DA:115,0
DA:116,0
DA:119,0
DA:129,0
DA:136,3
DA:149,3
DA:154,0
DA:159,6
DA:162,0
DA:163,0
DA:164,0
DA:165,0
DA:168,0
DA:169,0
DA:172,0
DA:182,0
DA:183,0
DA:186,0
DA:187,0
DA:190,0
DA:200,0
DA:205,0
DA:210,6
DA:211,0
DA:212,0
DA:215,0
DA:222,0
DA:223,0
DA:226,0
DA:230,0
DA:232,0
DA:237,6
DA:238,0
DA:239,0
DA:243,0
DA:245,0
LF:70
LH:32
BRDA:27,0,0,0
BRDA:27,0,1,3
BRDA:29,1,0,3
BRDA:29,1,1,0
BRDA:79,2,0,0
BRDA:79,2,1,4
BRDA:91,3,0,0
BRDA:91,3,1,4
BRDA:91,4,0,4
BRDA:91,4,1,4
BRDA:97,5,0,1
BRDA:97,5,1,3
BRDA:111,6,0,0
BRDA:111,6,1,3
BRDA:115,7,0,0
BRDA:115,7,1,0
BRDA:164,8,0,0
BRDA:164,8,1,0
BRDA:182,9,0,0
BRDA:182,9,1,0
BRDA:186,10,0,0
BRDA:186,10,1,0
BRDA:222,11,0,0
BRDA:222,11,1,0
BRF:24
BRH:9
end_of_record
TN:
SF:src/routes/categories.js
FN:9,(anonymous_0)
FN:22,(anonymous_1)
FN:35,(anonymous_2)
FN:42,(anonymous_3)
FN:71,(anonymous_4)
FN:73,(anonymous_5)
FN:103,(anonymous_6)
FN:139,(anonymous_7)
FN:184,(anonymous_8)
FNF:9
FNH:0
FNDA:0,(anonymous_0)
FNDA:0,(anonymous_1)
FNDA:0,(anonymous_2)
FNDA:0,(anonymous_3)
FNDA:0,(anonymous_4)
FNDA:0,(anonymous_5)
FNDA:0,(anonymous_6)
FNDA:0,(anonymous_7)
FNDA:0,(anonymous_8)
DA:6,6
DA:9,6
DA:10,0
DA:11,0
DA:22,0
DA:28,0
DA:30,0
DA:35,6
DA:36,0
DA:42,6
DA:43,0
DA:44,0
DA:46,0
DA:66,0
DA:67,0
DA:71,0
DA:72,0
DA:73,0
DA:76,0
DA:85,0
DA:92,0
DA:94,0
DA:99,6
DA:104,0
DA:105,0
DA:106,0
DA:107,0
DA:110,0
DA:113,0
DA:117,0
DA:118,0
DA:121,0
DA:125,0
DA:130,0
DA:135,6
DA:140,0
DA:141,0
DA:142,0
DA:143,0
DA:146,0
DA:147,0
DA:150,0
DA:154,0
DA:155,0
DA:159,0
DA:160,0
DA:164,0
DA:165,0
DA:169,0
DA:174,0
DA:179,0
DA:184,6
DA:185,0
DA:186,0
DA:189,0
DA:198,0
DA:199,0
DA:203,0
DA:204,0
DA:209,0
DA:213,0
DA:215,0
LF:62
LH:7
BRDA:66,0,0,0
BRDA:66,0,1,0
BRDA:72,1,0,0
BRDA:72,1,1,0
BRDA:106,2,0,0
BRDA:106,2,1,0
BRDA:117,3,0,0
BRDA:117,3,1,0
BRDA:142,4,0,0
BRDA:142,4,1,0
BRDA:154,5,0,0
BRDA:154,5,1,0
BRDA:159,6,0,0
BRDA:159,6,1,0
BRDA:159,7,0,0
BRDA:159,7,1,0
BRDA:164,8,0,0
BRDA:164,8,1,0
BRDA:198,9,0,0
BRDA:198,9,1,0
BRDA:203,10,0,0
BRDA:203,10,1,0
BRF:22
BRH:0
end_of_record
TN:
SF:src/routes/checkout.js
FN:20,(anonymous_0)
FN:30,(anonymous_1)
FN:55,(anonymous_2)
FN:76,(anonymous_3)
FN:77,(anonymous_4)
FN:112,(anonymous_5)
FN:122,(anonymous_6)
FN:151,(anonymous_7)
FNF:8
FNH:8
FNDA:14,(anonymous_0)
FNDA:13,(anonymous_1)
FNDA:12,(anonymous_2)
FNDA:10,(anonymous_3)
FNDA:10,(anonymous_4)
FNDA:10,(anonymous_5)
FNDA:8,(anonymous_6)
FNDA:3,(anonymous_7)
DA:11,6
DA:13,6
DA:17,6
DA:18,6
DA:20,6
DA:21,14
DA:22,1
DA:24,13
DA:30,6
DA:31,13
DA:33,13
DA:35,13
DA:51,13
DA:52,1
DA:55,12
DA:56,12
DA:57,1
DA:61,11
DA:62,11
DA:63,11
DA:64,1
DA:68,10
DA:71,10
DA:76,10
DA:77,10
DA:78,10
DA:82,10
DA:83,10
DA:92,10
DA:100,10
DA:104,10
DA:106,13
DA:112,10
DA:122,8
DA:130,10
DA:135,10
DA:137,0
DA:138,0
DA:140,0
DA:141,0
DA:151,6
DA:152,3
DA:153,3
DA:177,3
DA:178,1
DA:181,2
DA:183,0
LF:47
LH:42
BRDA:21,0,0,1
BRDA:21,0,1,13
BRDA:51,1,0,1
BRDA:51,1,1,12
BRDA:56,2,0,1
BRDA:56,2,1,11
BRDA:63,3,0,1
BRDA:63,3,1,10
BRDA:104,4,0,10
BRDA:104,4,1,0
BRDA:122,5,0,10
BRDA:122,5,1,0
BRDA:137,6,0,0
BRDA:137,6,1,0
BRDA:177,7,0,1
BRDA:177,7,1,2
BRF:16
BRH:12
end_of_record
TN:
SF:src/routes/keys.js
FN:14,(anonymous_0)
FN:74,(anonymous_1)
FN:97,(anonymous_2)
FN:117,(anonymous_3)
FN:135,(anonymous_4)
FN:135,(anonymous_5)
FN:144,(anonymous_6)
FN:162,(anonymous_7)
FNF:8
FNH:6
FNDA:3,(anonymous_0)
FNDA:1,(anonymous_1)
FNDA:0,(anonymous_2)
FNDA:2,(anonymous_3)
FNDA:5,(anonymous_4)
FNDA:5,(anonymous_5)
FNDA:3,(anonymous_6)
FNDA:0,(anonymous_7)
DA:6,6
DA:14,6
DA:15,3
DA:16,3
DA:46,3
DA:47,3
DA:48,2
DA:49,2
DA:50,2
DA:57,2
DA:65,3
DA:67,0
DA:74,6
DA:75,1
DA:76,1
DA:81,1
DA:82,1
DA:83,0
DA:84,0
DA:85,0
DA:88,1
DA:90,0
DA:97,6
DA:98,0
DA:99,0
DA:104,0
DA:106,0
DA:113,6
DA:118,2
DA:119,2
DA:120,2
DA:121,0
DA:124,2
DA:126,2
DA:130,2
DA:131,0
DA:135,5
DA:136,2
DA:138,2
DA:139,0
DA:143,2
DA:144,3
DA:148,2
DA:154,0
DA:162,6
DA:163,0
DA:164,0
DA:169,0
DA:170,0
DA:175,0
DA:176,0
DA:181,0
DA:182,0
DA:184,0
LF:54
LH:32
BRDA:49,0,0,2
BRDA:49,0,1,0
BRDA:120,1,0,0
BRDA:120,1,1,2
BRDA:130,2,0,0
BRDA:130,2,1,2
BRDA:138,3,0,0
BRDA:138,3,1,2
BRDA:169,4,0,0
BRDA:169,4,1,0
BRDA:175,5,0,0
BRDA:175,5,1,0
BRF:12
BRH:4
end_of_record
TN:
SF:src/routes/orders.js
FN:9,(anonymous_0)
FN:48,(anonymous_1)
FN:95,(anonymous_2)
FN:102,(anonymous_3)
FN:147,(anonymous_4)
FNF:5
FNH:3
FNDA:1,(anonymous_0)
FNDA:0,(anonymous_1)
FNDA:0,(anonymous_2)
FNDA:2,(anonymous_3)
FNDA:1,(anonymous_4)
DA:6,6
DA:9,6
DA:10,1
DA:11,1
DA:12,1
DA:14,1
DA:41,1
DA:43,0
DA:48,6
DA:49,0
DA:50,0
DA:51,0
DA:54,0
DA:55,0
DA:58,0
DA:61,0
DA:66,0
DA:80,0
DA:90,0
DA:95,6
DA:96,0
DA:102,6
DA:103,2
DA:104,2
DA:105,2
DA:107,2
DA:129,2
DA:130,1
DA:133,1
DA:135,0
DA:145,6
DA:148,1
DA:149,1
DA:150,0
DA:153,1
DA:154,1
DA:155,0
DA:158,1
DA:159,1
DA:161,1
DA:174,1
DA:175,0
DA:183,1
DA:184,1
DA:186,1
DA:196,1
DA:206,0
DA:231,0
DA:236,0
DA:237,0
DA:242,0
DA:243,0
DA:245,0
DA:246,0
LF:54
LH:30
BRDA:12,0,0,0
BRDA:12,0,1,1
BRDA:50,1,0,0
BRDA:50,1,1,0
BRDA:83,2,0,0
BRDA:83,2,1,0
BRDA:111,3,0,1
BRDA:111,3,1,1
BRDA:129,4,0,1
BRDA:129,4,1,1
BRDA:149,5,0,0
BRDA:149,5,1,1
BRDA:154,6,0,0
BRDA:154,6,1,1
BRDA:174,7,0,0
BRDA:174,7,1,1
BRDA:183,8,0,1
BRDA:183,8,1,0
BRDA:197,9,0,0
BRDA:197,9,1,1
BRDA:236,10,0,0
BRDA:236,10,1,0
BRDA:242,11,0,0
BRDA:242,11,1,0
BRF:24
BRH:10
end_of_record
TN:
SF:src/routes/products.js
FN:28,(anonymous_0)
FN:48,(anonymous_1)
FN:139,(anonymous_2)
FN:146,(anonymous_3)
FN:193,(anonymous_4)
FN:256,(anonymous_5)
FN:308,(anonymous_6)
FN:342,(anonymous_7)
FNF:8
FNH:4
FNDA:4,(anonymous_0)
FNDA:1,(anonymous_1)
FNDA:0,(anonymous_2)
FNDA:3,(anonymous_3)
FNDA:2,(anonymous_4)
FNDA:0,(anonymous_5)
FNDA:0,(anonymous_6)
FNDA:0,(anonymous_7)
DA:6,6
DA:7,6
DA:9,6
DA:13,6
DA:18,6
DA:28,6
DA:29,4
DA:30,4
DA:31,4
DA:35,6
DA:49,1
DA:50,1
DA:51,1
DA:52,0
DA:68,1
DA:70,1
DA:73,1
DA:77,1
DA:78,0
DA:81,1
DA:82,1
DA:86,1
DA:87,0
DA:90,1
DA:91,1
DA:97,1
DA:98,0
DA:99,0
DA:100,0
DA:104,1
DA:122,1
DA:124,1
DA:134,0
DA:139,6
DA:140,0
DA:146,6
DA:147,3
DA:148,3
DA:150,3
DA:168,3
DA:169,0
DA:172,3
DA:174,3
DA:176,0
DA:181,6
DA:194,2
DA:195,2
DA:196,2
DA:197,0
DA:201,2
DA:204,2
DA:208,2
DA:209,0
DA:212,2
DA:233,2
DA:238,0
DA:243,6
DA:257,0
DA:258,0
DA:259,0
DA:260,0
DA:263,0
DA:264,0
DA:267,0
DA:271,0
DA:272,0
DA:276,0
DA:277,0
DA:281,0
DA:282,0
DA:286,0
DA:296,0
DA:301,0
DA:306,6
DA:309,0
DA:310,0
DA:311,0
DA:312,0
DA:315,0
DA:318,0
DA:322,0
DA:323,0
DA:327,0
DA:332,0
DA:337,0
DA:342,6
DA:343,0
DA:344,0
DA:347,0
DA:351,0
DA:352,0
DA:356,0
DA:361,0
DA:363,0
LF:94
LH:46
BRDA:29,0,0,0
BRDA:29,0,1,4
BRDA:31,1,0,4
BRDA:31,1,1,0
BRDA:51,2,0,0
BRDA:51,2,1,1
BRDA:56,3,0,1
BRDA:57,4,0,1
BRDA:62,5,0,1
BRDA:63,6,0,1
BRDA:77,7,0,0
BRDA:77,7,1,1
BRDA:81,8,0,0
BRDA:81,8,1,1
BRDA:82,9,0,0
BRDA:82,9,1,1
BRDA:86,10,0,0
BRDA:86,10,1,1
BRDA:90,11,0,1
BRDA:90,11,1,0
BRDA:97,12,0,0
BRDA:97,12,1,1
BRDA:97,13,0,1
BRDA:97,13,1,1
BRDA:99,14,0,0
BRDA:99,14,1,0
BRDA:100,15,0,0
BRDA:100,15,1,0
BRDA:113,16,0,0
BRDA:113,16,1,1
BRDA:168,17,0,0
BRDA:168,17,1,3
BRDA:196,18,0,0
BRDA:196,18,1,2
BRDA:208,19,0,0
BRDA:208,19,1,2
BRDA:222,20,0,2
BRDA:222,20,1,2
BRDA:223,21,0,2
BRDA:223,21,1,2
BRDA:224,22,0,0
BRDA:224,22,1,2
BRDA:259,23,0,0
BRDA:259,23,1,0
BRDA:271,24,0,0
BRDA:271,24,1,0
BRDA:276,25,0,0
BRDA:276,25,1,0
BRDA:281,26,0,0
BRDA:281,26,1,0
BRDA:311,27,0,0
BRDA:311,27,1,0
BRDA:322,28,0,0
BRDA:322,28,1,0
BRDA:351,29,0,0
BRDA:351,29,1,0
BRF:56
BRH:24
end_of_record
TN:
SF:src/routes/reviews.js
FN:13,refreshProductRating
FN:30,(anonymous_1)
FN:74,(anonymous_2)
FN:138,(anonymous_3)
FN:185,(anonymous_4)
FN:214,(anonymous_5)
FN:237,(anonymous_6)
FNF:7
FNH:0
FNDA:0,refreshProductRating
FNDA:0,(anonymous_1)
FNDA:0,(anonymous_2)
FNDA:0,(anonymous_3)
FNDA:0,(anonymous_4)
FNDA:0,(anonymous_5)
FNDA:0,(anonymous_6)
DA:6,6
DA:14,0
DA:20,0
DA:30,6
DA:31,0
DA:32,0
DA:33,0
DA:34,0
DA:36,0
DA:51,0
DA:55,0
DA:65,0
DA:70,6
DA:75,0
DA:76,0
DA:77,0
DA:78,0
DA:81,0
DA:84,0
DA:88,0
DA:89,0
DA:93,0
DA:102,0
DA:103,0
DA:106,0
DA:123,0
DA:125,0
DA:130,0
DA:135,6
DA:139,0
DA:140,0
DA:141,0
DA:142,0
DA:145,0
DA:146,0
DA:149,0
DA:156,0
DA:157,0
DA:160,0
DA:173,0
DA:175,0
DA:180,0
DA:185,6
DA:186,0
DA:187,0
DA:190,0
DA:197,0
DA:198,0
DA:201,0
DA:205,0
DA:207,0
DA:209,0
DA:214,6
DA:215,0
DA:216,0
DA:230,0
DA:232,0
DA:237,6
DA:238,0
LF:59
LH:7
BRDA:23,0,0,0
BRDA:23,0,1,0
BRDA:33,1,0,0
BRDA:33,2,0,0
BRDA:77,3,0,0
BRDA:77,3,1,0
BRDA:88,4,0,0
BRDA:88,4,1,0
BRDA:102,5,0,0
BRDA:102,5,1,0
BRDA:141,6,0,0
BRDA:141,6,1,0
BRDA:156,7,0,0
BRDA:156,7,1,0
BRDA:197,8,0,0
BRDA:197,8,1,0
BRF:16
BRH:0
end_of_record
TN:
SF:src/routes/users.js
FN:8,(anonymous_0)
FN:36,(anonymous_1)
FN:39,(anonymous_2)
FN:40,(anonymous_3)
FN:43,(anonymous_4)
FN:69,(anonymous_5)
FN:133,(anonymous_6)
FN:173,(anonymous_7)
FN:180,(anonymous_8)
FN:207,(anonymous_9)
FN:208,(anonymous_10)
FN:211,(anonymous_11)
FNF:12
FNH:2
FNDA:1,(anonymous_0)
FNDA:2,(anonymous_1)
FNDA:0,(anonymous_2)
FNDA:0,(anonymous_3)
FNDA:0,(anonymous_4)
FNDA:0,(anonymous_5)
FNDA:0,(anonymous_6)
FNDA:0,(anonymous_7)
FNDA:0,(anonymous_8)
FNDA:0,(anonymous_9)
FNDA:0,(anonymous_10)
FNDA:0,(anonymous_11)
DA:5,6
DA:8,6
DA:9,1
DA:10,1
DA:36,1
DA:38,2
DA:39,0
DA:40,0
DA:43,2
DA:44,2
DA:48,2
DA:62,1
DA:64,0
DA:69,6
DA:70,0
DA:71,0
DA:73,0
DA:115,0
DA:116,0
DA:119,0
DA:126,0
DA:128,0
DA:133,6
DA:134,0
DA:135,0
DA:136,0
DA:138,0
DA:139,0
DA:142,0
DA:146,0
DA:147,0
DA:150,0
DA:163,0
DA:168,0
DA:173,6
DA:174,0
DA:180,6
DA:181,0
DA:182,0
DA:201,0
DA:202,0
DA:206,0
DA:207,0
DA:208,0
DA:211,0
DA:212,0
DA:216,0
DA:225,0
DA:227,0
LF:49
LH:14
BRDA:44,0,0,0
BRDA:44,0,1,2
BRDA:55,1,0,1
BRDA:55,1,1,1
BRDA:115,2,0,0
BRDA:115,2,1,0
BRDA:138,3,0,0
BRDA:138,3,1,0
BRDA:146,4,0,0
BRDA:146,4,1,0
BRDA:201,5,0,0
BRDA:201,5,1,0
BRDA:212,6,0,0
BRDA:212,6,1,0
BRF:14
BRH:3
end_of_record
TN:
SF:src/routes/webhooks.js
FN:21,(anonymous_0)
FNF:1
FNH:1
FNDA:17,(anonymous_0)
DA:7,6
DA:21,6
DA:22,17
DA:23,0
DA:27,17
DA:28,17
DA:36,1
DA:37,1
DA:40,16
DA:41,16
DA:43,8
DA:44,8
DA:46,8
DA:47,1
DA:48,1
DA:52,7
DA:53,1
DA:54,1
DA:57,6
DA:61,5
DA:66,8
DA:70,1
DA:71,1
DA:72,1
DA:73,1
DA:77,2
DA:78,2
DA:79,2
DA:80,2
DA:81,2
DA:83,2
DA:87,1
DA:88,1
DA:89,1
DA:90,1
DA:99,2
DA:101,2
DA:103,2
DA:104,0
DA:105,0
DA:108,2
DA:113,2
DA:116,1
DA:117,1
DA:120,1
DA:121,1
DA:126,2
DA:130,2
DA:133,15
DA:137,1
DA:138,1
LF:51
LH:48
BRDA:22,0,0,0
BRDA:22,0,1,17
BRDA:22,1,0,17
BRDA:22,1,1,17
BRDA:41,2,0,8
BRDA:41,2,1,1
BRDA:41,2,2,2
BRDA:41,2,3,1
BRDA:41,2,4,2
BRDA:41,2,5,2
BRDA:44,3,0,8
BRDA:44,3,1,2
BRDA:46,4,0,1
BRDA:46,4,1,7
BRDA:52,5,0,1
BRDA:52,5,1,6
BRDA:58,6,0,6
BRDA:58,6,1,0
BRDA:62,7,0,1
BRDA:62,7,1,4
BRDA:71,8,0,1
BRDA:71,8,1,0
BRDA:72,9,0,1
BRDA:72,9,1,0
BRDA:78,10,0,2
BRDA:78,10,1,0
BRDA:79,11,0,2
BRDA:79,11,1,0
BRDA:81,12,0,2
BRDA:81,12,1,0
BRDA:88,13,0,1
BRDA:88,13,1,0
BRDA:89,14,0,1
BRDA:89,14,1,0
BRDA:101,15,0,2
BRDA:101,15,1,0
BRDA:103,16,0,0
BRDA:103,16,1,2
BRDA:113,17,0,1
BRDA:113,17,1,1
BRDA:122,18,0,0
BRDA:122,18,1,1
BRF:42
BRH:30
end_of_record
